<?xml version='1.0' encoding='utf-8'?>
<testsuites>
    <testsuite errors="0" failures="1" name="test_warn_plugin_double_fail" skips="0" tests="2" time="33">
        <testcase classname="test_warn_plugin_double_fail" name="myfirstgreatsu66ess" time="22"/>
        <testcase classname="test_warn_plugin_double_fail" name="myfirstfai1ure" time="44">
            <failure message="Is our warnings plugin able to trace this random failure msg?" />
        </testcase>
    </testsuite>
    <testsuite errors="0" failures="0" name="test_warn_plugin_no_double_fail" skips="0" tests="1" time="33">
        <testcase classname="test_warn_plugin_no_double_fail" name="mysecondfai1ure" time="33">
            <failure message="Second failure">This time there is more content to the failure</failure>
        </testcase>
        <testcase classname="test_warn_plugin_no_double_fail" name="mysecondgreatsu66ess" time="77"/>
    </testsuite>
</testsuites>
